2024-01-10 09:42:58 - INFO - Encoding completed successfully.
2024-01-10 09:50:25 - INFO - Configuration saved: Path=/Users/bohdankharchenko/PycharmProjects/Alfa2/doc, Name=new_compressed
2024-01-10 09:51:42 - INFO - Encoding completed successfully.
2024-01-10 09:51:43 - INFO - Decoding completed successfully.
2024-01-10 09:52:02 - INFO - Decoding completed successfully.
2024-01-10 10:00:11 - INFO - Encoding completed successfully.
2024-01-10 10:00:20 - INFO - Decoding completed successfully.
2024-01-10 10:33:51 - INFO - Decoding completed successfully.
2024-01-10 10:44:15 - INFO - Decoding completed successfully.
2024-01-10 13:16:49 - INFO - Configuration saved: Path=/Users/bohdankharchenko/PycharmProjects/Alfa2/doc, Name=new_compressed
2024-01-10 13:16:53 - INFO - Decoding completed successfully.
2024-01-10 13:17:02 - INFO - Decoding completed successfully.
2024-01-10 13:17:07 - INFO - Decoding completed successfully.
2024-01-10 13:17:08 - INFO - Decoding completed successfully.
2024-01-10 13:17:08 - INFO - Decoding completed successfully.
2024-01-10 13:17:08 - INFO - Decoding completed successfully.
2024-01-10 13:17:09 - INFO - Decoding completed successfully.
2024-01-10 16:16:58 - INFO - Encoding completed successfully.
2024-01-10 16:16:59 - INFO - Decoding completed successfully.
2024-01-10 16:17:00 - INFO - Encoding completed successfully.
2024-01-10 16:17:01 - INFO - Decoding completed successfully.
2024-01-10 16:37:36 - INFO - Decoding completed successfully.
2024-01-10 17:37:19 - INFO - Encoding completed successfully.
2024-01-10 17:58:09 - INFO - Decoding completed successfully.
2024-01-10 17:58:10 - INFO - Decoding completed successfully.
2024-01-10 17:58:11 - INFO - Encoding completed successfully.
2024-01-10 17:58:58 - INFO - Encoding completed successfully.
2024-01-10 17:58:58 - INFO - Decoding completed successfully.
2024-01-10 18:11:10 - INFO - Encoding completed successfully.
2024-01-10 18:13:31 - INFO - Encoding completed successfully.
2024-01-10 18:13:32 - INFO - Decoding completed successfully.
2024-01-10 18:16:40 - INFO - Encoding completed successfully.
2024-01-10 18:16:41 - INFO - Decoding completed successfully.
2024-01-10 18:16:59 - INFO - Decoding completed successfully.
2024-01-10 18:17:12 - INFO - Encoding completed successfully.
2024-01-10 18:17:22 - ERROR - Error during decoding: Invalid code in encoded data
2024-01-10 18:17:37 - INFO - Decoding completed successfully.
2024-01-10 18:24:49 - INFO - Encoding completed successfully.
2024-01-10 18:24:50 - INFO - Decoding completed successfully.
2024-01-10 18:36:31 - INFO - Encoding completed successfully.
2024-01-10 18:36:31 - INFO - Encoding completed successfully.
2024-01-10 18:36:32 - INFO - Encoding completed successfully.
2024-01-10 18:36:32 - INFO - Encoding completed successfully.
2024-01-10 18:36:33 - INFO - Encoding completed successfully.
2024-01-10 18:36:33 - INFO - Encoding completed successfully.
2024-01-10 18:36:33 - INFO - Decoding completed successfully.
2024-01-10 18:36:33 - INFO - Decoding completed successfully.
2024-01-10 18:36:47 - INFO - Encoding completed successfully.
2024-01-10 18:36:47 - INFO - Encoding completed successfully.
2024-01-10 18:36:47 - INFO - Encoding completed successfully.
2024-01-10 18:36:47 - INFO - Encoding completed successfully.
2024-01-10 18:37:21 - INFO - Encoding completed successfully.
2024-01-10 18:37:21 - INFO - Decoding completed successfully.
2024-01-10 18:37:23 - INFO - Encoding completed successfully.
2024-01-10 18:56:59 - INFO - Encoding completed successfully.
2024-01-10 18:57:00 - INFO - Decoding completed successfully.
2024-01-10 19:14:38 - INFO - Decoding completed successfully.
2024-01-10 19:14:45 - ERROR - Error during encoding: 'utf-8' codec can't decode byte 0xa8 in position 10: invalid start byte
2024-01-10 19:35:41 - INFO - Encoding completed successfully.
2024-01-10 19:35:42 - INFO - Decoding completed successfully.
2024-01-10 19:36:27 - INFO - Decoding completed successfully.
2024-01-10 21:00:58 - INFO - Decoding completed successfully.
2024-01-10 21:00:59 - INFO - Decoding completed successfully.
2024-01-10 21:01:00 - INFO - Decoding completed successfully.
2024-01-10 21:01:04 - INFO - Configuration saved: Path=/Users/bohdankharchenko/PycharmProjects/Alfa2/doc, Name=new_compressed
2024-01-10 21:29:01 - INFO - Encoding completed successfully.
2024-01-10 21:29:02 - INFO - Decoding completed successfully.
2024-01-10 21:29:05 - INFO - Configuration saved: Path=/Users/bohdankharchenko/PycharmProjects/Alfa2/doc, Name=new_compressed
2024-01-10 21:31:41 - INFO - Encoding completed successfully.
2024-01-10 21:31:42 - INFO - Decoding completed successfully.
2024-01-10 21:46:42 - INFO - Encoding completed successfully.
